app/mapping.txt
br.com.guiainvestimento.activity.FormActivity -> br.com.guiainvestimento.activity.FormActivity:
    java.lang.String LOG_TAG -> m
    void <init>() -> <init>
    void onCreate(android.os.Bundle) -> onCreate
    void replaceFragment(android.support.v4.app.Fragment) -> b
    void <clinit>() -> <clinit>
br.com.guiainvestimento.activity.IncomeDetailsActivity -> br.com.guiainvestimento.activity.IncomeDetailsActivity:
    java.lang.String LOG_TAG -> n
    android.content.Intent comingIntent -> m
    void <init>() -> <init>
    void onCreate(android.os.Bundle) -> onCreate
    void replaceFragment(android.support.v4.app.Fragment) -> b
    void <clinit>() -> <clinit>
br.com.guiainvestimento.activity.MainActivity -> br.com.guiainvestimento.activity.MainActivity:
    java.lang.String LOG_TAG -> s
    android.support.v4.widget.DrawerLayout mDrawerLayout -> m
    com.google.firebase.analytics.FirebaseAnalytics mFirebaseAnalytics -> t
    boolean mStockReceiver -> n
    boolean mFiiReceiver -> o
    boolean mCurrencyReceiver -> p
    boolean mTreasuryReceiver -> q
    boolean mFixedReceiver -> r
    android.view.Menu mMenu -> u
    void <init>() -> <init>
    void onCreate(android.os.Bundle) -> onCreate
    void onActivityResult(int,int,android.content.Intent) -> onActivityResult
    boolean onCreateOptionsMenu(android.view.Menu) -> onCreateOptionsMenu
    void onDestroy() -> onDestroy
    void setUpToolbar() -> k
    void setupNavDrawer() -> l
    void onNavDrawerItemSelected(android.view.MenuItem) -> a
    boolean onOptionsItemSelected(android.view.MenuItem) -> onOptionsItemSelected
    void replaceFragment(android.support.v4.app.Fragment) -> b
    void openDrawer() -> m
    void onBuyProduct(int,java.lang.String) -> a
    void onSellProduct(int,java.lang.String) -> b
    void onProductDetails(int,java.lang.String) -> c
    void onEditProduct(int,java.lang.String) -> d
    void refreshPortfolio() -> n
    void onIncomeEdit(int,java.lang.String) -> e
    void onIncomeDetails(int,java.lang.String) -> f
    android.view.Menu access$000(br.com.guiainvestimento.activity.MainActivity) -> a
br.com.guiainvestimento.activity.MainActivity$1 -> br.com.guiainvestimento.activity.MainActivity$1:
    br.com.guiainvestimento.activity.MainActivity this$0 -> a
    void <init>(br.com.guiainvestimento.activity.MainActivity) -> <init>
    void onReceive(android.content.Context,android.content.Intent) -> onReceive
br.com.guiainvestimento.activity.MainActivity$2 -> br.com.guiainvestimento.activity.MainActivity$2:
    br.com.guiainvestimento.activity.MainActivity this$0 -> a
    void <init>(br.com.guiainvestimento.activity.MainActivity) -> <init>
    void onReceive(android.content.Context,android.content.Intent) -> onReceive
br.com.guiainvestimento.activity.MainActivity$3 -> br.com.guiainvestimento.activity.MainActivity$3:
    br.com.guiainvestimento.activity.MainActivity this$0 -> a
    void <init>(br.com.guiainvestimento.activity.MainActivity) -> <init>
    void onReceive(android.content.Context,android.content.Intent) -> onReceive
br.com.guiainvestimento.activity.MainActivity$4 -> br.com.guiainvestimento.activity.MainActivity$4:
    br.com.guiainvestimento.activity.MainActivity this$0 -> a
    void <init>(br.com.guiainvestimento.activity.MainActivity) -> <init>
    void onReceive(android.content.Context,android.content.Intent) -> onReceive
br.com.guiainvestimento.activity.MainActivity$5 -> br.com.guiainvestimento.activity.MainActivity$5:
    br.com.guiainvestimento.activity.MainActivity this$0 -> a
    void <init>(br.com.guiainvestimento.activity.MainActivity) -> <init>
    void onReceive(android.content.Context,android.content.Intent) -> onReceive
br.com.guiainvestimento.activity.MainActivity$6 -> br.com.guiainvestimento.activity.MainActivity$6:
    br.com.guiainvestimento.activity.MainActivity this$0 -> a
    void <init>(br.com.guiainvestimento.activity.MainActivity) -> <init>
    boolean onNavigationItemSelected(android.view.MenuItem) -> a
...
com.google.firebase.FirebaseApp -> com.google.firebase.a:
    java.util.List zzbUV -> b
    java.util.List zzbUW -> c
    java.util.List zzbUX -> d
    java.util.List zzbUY -> e
    java.util.Set zzbUZ -> f
    java.lang.Object zzuF -> g
    java.util.Map zzbgQ -> a
    android.content.Context mApplicationContext -> h
    java.lang.String mName -> i
    com.google.firebase.FirebaseOptions zzbVa -> j
    java.util.concurrent.atomic.AtomicBoolean zzbVb -> k
    java.util.concurrent.atomic.AtomicBoolean zzbVc -> l
    java.util.List zzbVd -> m
    java.util.List zzbVe -> n
    java.util.List zzbVf -> o
    com.google.firebase.FirebaseApp$zzb zzbVh -> p
    android.content.Context getApplicationContext() -> a
    java.lang.String getName() -> b
    com.google.firebase.FirebaseOptions getOptions() -> c
    boolean equals(java.lang.Object) -> equals
    int hashCode() -> hashCode
    java.lang.String toString() -> toString
    com.google.firebase.FirebaseApp getInstance() -> d
    com.google.firebase.FirebaseApp initializeApp(android.content.Context) -> a
    com.google.firebase.FirebaseApp initializeApp(android.content.Context,com.google.firebase.FirebaseOptions) -> a
    com.google.firebase.FirebaseApp initializeApp(android.content.Context,com.google.firebase.FirebaseOptions,java.lang.String) -> a
    void zzac(boolean) -> a
    void <init>(android.content.Context,java.lang.String,com.google.firebase.FirebaseOptions) -> <init>
    void zzEp() -> g
    boolean zzEq() -> e
com.google.firebase.FirebaseApp$zzb -> com.google.firebase.a$a:
com.google.firebase.FirebaseApp$zzc -> com.google.firebase.a$b:
    void zzac(boolean) -> a
com.google.firebase.FirebaseApp$zzd -> com.google.firebase.a$c:
    java.util.concurrent.atomic.AtomicReference zzbVi -> a
    android.content.Context mApplicationContext -> b
    void <init>(android.content.Context) -> <init>
    void zzbB(android.content.Context) -> b
    void onReceive(android.content.Context,android.content.Intent) -> onReceive
    void zzbC(android.content.Context) -> a
    void <clinit>() -> <clinit>
com.google.firebase.FirebaseOptions -> com.google.firebase.b:
    java.lang.String zzbVj -> a
    java.lang.String zzaoM -> b
    java.lang.String zzbVk -> c
    java.lang.String zzbVl -> d
    java.lang.String zzbVm -> e
    java.lang.String zzbVn -> f
    java.lang.String zzbVo -> g
    void <init>(java.lang.String,java.lang.String,java.lang.String,java.lang.String,java.lang.String,java.lang.String,java.lang.String) -> <init>
    com.google.firebase.FirebaseOptions fromResource(android.content.Context) -> a
    java.lang.String getApplicationId() -> a
    java.lang.String getGcmSenderId() -> b
    boolean equals(java.lang.Object) -> equals
    int hashCode() -> hashCode
    java.lang.String toString() -> toString
com.google.firebase.analytics.FirebaseAnalytics -> com.google.firebase.analytics.FirebaseAnalytics:
    com.google.android.gms.internal.zzcgl zzboe -> zzboe
    com.google.firebase.analytics.FirebaseAnalytics getInstance(android.content.Context) -> getInstance
    void logEvent(java.lang.String,android.os.Bundle) -> logEvent
    void setUserProperty(java.lang.String,java.lang.String) -> setUserProperty
    void setCurrentScreen(android.app.Activity,java.lang.String,java.lang.String) -> setCurrentScreen
    void setAnalyticsCollectionEnabled(boolean) -> setAnalyticsCollectionEnabled
    void setUserId(java.lang.String) -> setUserId
    void setMinimumSessionDuration(long) -> setMinimumSessionDuration
    void setSessionTimeoutDuration(long) -> setSessionTimeoutDuration
    com.google.android.gms.tasks.Task getAppInstanceId() -> getAppInstanceId
    void <init>(com.google.android.gms.internal.zzcgl) -> <init>
com.google.firebase.analytics.FirebaseAnalytics$Event -> com.google.firebase.analytics.FirebaseAnalytics$a:
com.google.firebase.analytics.FirebaseAnalytics$Param -> com.google.firebase.analytics.FirebaseAnalytics$b: